e:\repositories\campaignbot2\debug\vcpkg.applocal.log
e:\repositories\campaignbot2\debug\vc142.pdb
e:\repositories\campaignbot2\debug\vc142.idb
e:\repositories\campaignbot2\debug\playermanager.obj
e:\repositories\campaignbot2\debug\campaignbot.obj
e:\repositories\campaignbot2\debug\main.obj
e:\repositories\campaignbot2\debug\unitmanager.obj
e:\repositories\campaignbot2\debug\unitinfo.obj
e:\repositories\campaignbot2\debug\playerinfo.obj
e:\repositories\campaignbot2\debug\vc141.pdb
e:\repositories\campaignbot2\debug\vc141.idb
e:\repositories\campaignbot2\debug\debugmanager.obj
e:\repositories\campaignbot2\debug\townmanager.obj
e:\repositories\campaignbot2\debug\towninfo.obj
e:\repositories\campaignbot2\debug\workermanager.obj
e:\repositories\campaignbot2\debug\dll.obj
e:\repositories\bwapi\bwapi\debug\campaignbot2.exe
e:\repositories\bwapi\bwapi\debug\campaignbot2.ilk
e:\repositories\bwapi\bwapi\debug\campaignbot2.pdb
e:\repositories\campaignbot2\debug\campaignbot2.tlog\campaignbot2.write.1u.tlog
e:\repositories\campaignbot2\debug\campaignbot2.tlog\cl.command.1.tlog
e:\repositories\campaignbot2\debug\campaignbot2.tlog\cl.read.1.tlog
e:\repositories\campaignbot2\debug\campaignbot2.tlog\cl.write.1.tlog
e:\repositories\campaignbot2\debug\campaignbot2.tlog\link-cvtres.read.1.tlog
e:\repositories\campaignbot2\debug\campaignbot2.tlog\link-cvtres.write.1.tlog
e:\repositories\campaignbot2\debug\campaignbot2.tlog\link-rc.read.1.tlog
e:\repositories\campaignbot2\debug\campaignbot2.tlog\link-rc.write.1.tlog
e:\repositories\campaignbot2\debug\campaignbot2.tlog\link.24424-cvtres.read.1.tlog
e:\repositories\campaignbot2\debug\campaignbot2.tlog\link.24424-cvtres.write.1.tlog
e:\repositories\campaignbot2\debug\campaignbot2.tlog\link.24424-rc.read.1.tlog
e:\repositories\campaignbot2\debug\campaignbot2.tlog\link.24424-rc.write.1.tlog
e:\repositories\campaignbot2\debug\campaignbot2.tlog\link.24424.read.1.tlog
e:\repositories\campaignbot2\debug\campaignbot2.tlog\link.24424.write.1.tlog
e:\repositories\campaignbot2\debug\campaignbot2.tlog\link.command.1.tlog
e:\repositories\campaignbot2\debug\campaignbot2.tlog\link.read.1.tlog
e:\repositories\campaignbot2\debug\campaignbot2.tlog\link.write.1.tlog
