e:\repositories\bwapi\bwapi\release\campaignbot2.ipdb
e:\repositories\bwapi\bwapi\release\campaignbot2.iobj
e:\repositories\campaignbot2\release\vcpkg.applocal.log
e:\repositories\campaignbot2\release\vc141.pdb
e:\repositories\campaignbot2\release\unitmanager.obj
e:\repositories\campaignbot2\release\unitinfo.obj
e:\repositories\campaignbot2\release\playermanager.obj
e:\repositories\campaignbot2\release\playerinfo.obj
e:\repositories\campaignbot2\release\debugmanager.obj
e:\repositories\campaignbot2\release\campaignbot.obj
e:\repositories\campaignbot2\release\main.obj
e:\repositories\campaignbot2\release\workermanager.obj
e:\repositories\campaignbot2\release\townmanager.obj
e:\repositories\campaignbot2\release\towninfo.obj
e:\repositories\bwapi\bwapi\release\campaignbot2.exe
e:\repositories\bwapi\bwapi\release\campaignbot2.pdb
e:\repositories\campaignbot2\release\vc142.pdb
e:\repositories\campaignbot2\release\campaignbot2.tlog\campaignbot2.write.1u.tlog
e:\repositories\campaignbot2\release\campaignbot2.tlog\cl.command.1.tlog
e:\repositories\campaignbot2\release\campaignbot2.tlog\cl.read.1.tlog
e:\repositories\campaignbot2\release\campaignbot2.tlog\cl.write.1.tlog
e:\repositories\campaignbot2\release\campaignbot2.tlog\link.command.1.tlog
e:\repositories\campaignbot2\release\campaignbot2.tlog\link.read.1.tlog
e:\repositories\campaignbot2\release\campaignbot2.tlog\link.write.1.tlog
